<?xml version="1.0" encoding="UTF-8"?>
<testng-results ignored="0" total="1" passed="1" failed="0" skipped="0">
  <reporter-output>
  </reporter-output>
  <suite started-at="2019-06-20T18:02:47Z" name="Default suite" finished-at="2019-06-20T18:03:18Z" duration-ms="31050">
    <groups>
    </groups>
    <test started-at="2019-06-20T18:02:47Z" name="Default test" finished-at="2019-06-20T18:03:18Z" duration-ms="31050">
      <class name="com.soprabanking.software.tests.WelcomeTest">
        <test-method is-config="true" signature="initializeTest()[pri:0, instance:com.soprabanking.software.tests.WelcomeTest@63070bab]" started-at="2019-06-20T18:02:47Z" name="initializeTest" finished-at="2019-06-20T18:03:01Z" duration-ms="13590" status="PASS">
          <reporter-output>
          </reporter-output>
        </test-method> <!-- initializeTest -->
        <test-method signature="verifyLoginLinkNavigation()[pri:0, instance:com.soprabanking.software.tests.WelcomeTest@63070bab]" started-at="2019-06-20T18:03:01Z" name="verifyLoginLinkNavigation" finished-at="2019-06-20T18:03:17Z" duration-ms="15753" status="PASS">
          <reporter-output>
          </reporter-output>
        </test-method> <!-- verifyLoginLinkNavigation -->
        <test-method is-config="true" signature="Closure(org.testng.ITestResult)[pri:0, instance:com.soprabanking.software.tests.WelcomeTest@63070bab]" started-at="2019-06-20T18:03:17Z" name="Closure" finished-at="2019-06-20T18:03:18Z" duration-ms="1647" status="PASS">
          <params>
            <param index="0">
              <value>
                <![CDATA[[TestResult name=verifyLoginLinkNavigation status=SUCCESS method=WelcomeTest.verifyLoginLinkNavigation()[pri:0, instance:com.soprabanking.software.tests.WelcomeTest@63070bab] output={null}]]]>
              </value>
            </param>
          </params>
          <reporter-output>
          </reporter-output>
        </test-method> <!-- Closure -->
      </class> <!-- com.soprabanking.software.tests.WelcomeTest -->
    </test> <!-- Default test -->
  </suite> <!-- Default suite -->
</testng-results>
