<?xml version="1.0" encoding="UTF-8"?>
<!-- Generated by org.testng.reporters.JUnitXMLReporter -->
<testsuite ignored="0" hostname="DESKTOP-5PD6SOR" failures="0" tests="4" name="Test" time="354.901" errors="0" timestamp="28 May 2019 15:40:39 GMT">
  <testcase classname="ant.testng.ClassFirst" name="m1" time="109.799"/>
  <testcase classname="ant.testng.ClassSecond" name="m2" time="32.075"/>
  <testcase classname="ant.testng.ClassThird" name="m3" time="141.368"/>
  <testcase classname="ant.testng.ClassFour" name="m4" time="71.593"/>
</testsuite> <!-- Test -->
