<?xml version="1.0" encoding="UTF-8"?>
<!-- Generated by org.testng.reporters.JUnitXMLReporter -->
<testsuite ignored="2" hostname="DESKTOP-5PD6SOR" failures="0" tests="2" name="Command line test" time="111.285" errors="0" timestamp="20 Jun 2019 18:53:05 GMT">
  <testcase classname="com.soprabanking.software.basetest.BaseTest" name="@AfterTest Closure" time="0.0">
    <failure type="org.testng.TestNGException" message="
Can inject only one of &amp;lt;ITestContext, XmlTest&amp;gt; into a @AfterTest annotated Closure.
For more information on native dependency injection please refer to http://testng.org/doc/documentation-main.html#native-dependency-injection">
      <![CDATA[org.testng.TestNGException: 
Can inject only one of <ITestContext, XmlTest> into a @AfterTest annotated Closure.
For more information on native dependency injection please refer to http://testng.org/doc/documentation-main.html#native-dependency-injection
... Removed 31 stack frames]]>
    </failure>
  </testcase> <!-- @AfterTest Closure -->
  <testcase classname="com.soprabanking.software.tests.WelcomeTest" name="verifyLoginLinkNavigation" time="25.685"/>
  <testcase classname="com.soprabanking.software.tests.SignInTest" name="verifySignIn" time="24.676"/>
  <testcase classname="com.soprabanking.software.basetest.BaseTest" name="@AfterTest Closure" time="0.0">
    <ignored/>
  </testcase> <!-- @AfterTest Closure -->
  <testcase classname="com.soprabanking.software.basetest.BaseTest" name="@AfterTest Closure" time="0.0">
    <ignored/>
  </testcase> <!-- @AfterTest Closure -->
</testsuite> <!-- Command line test -->
