<?xml version="1.0" encoding="UTF-8"?>
<testng-results ignored="2" total="4" passed="2" failed="0" skipped="0">
  <reporter-output>
  </reporter-output>
  <suite started-at="2019-06-20T18:51:08Z" name="Command line suite" finished-at="2019-06-20T18:53:00Z" duration-ms="111285">
    <groups>
    </groups>
    <test started-at="2019-06-20T18:51:08Z" name="Command line test" finished-at="2019-06-20T18:53:00Z" duration-ms="111285">
      <class name="com.soprabanking.software.tests.WelcomeTest">
        <test-method is-config="true" signature="initializeTest()[pri:0, instance:com.soprabanking.software.tests.WelcomeTest@17046283]" started-at="2019-06-20T18:51:08Z" name="initializeTest" finished-at="2019-06-20T18:52:00Z" duration-ms="52021" status="PASS">
          <reporter-output>
          </reporter-output>
        </test-method> <!-- initializeTest -->
        <test-method signature="verifyLoginLinkNavigation()[pri:0, instance:com.soprabanking.software.tests.WelcomeTest@17046283]" started-at="2019-06-20T18:52:00Z" name="verifyLoginLinkNavigation" finished-at="2019-06-20T18:52:26Z" duration-ms="25685" status="PASS">
          <reporter-output>
          </reporter-output>
        </test-method> <!-- verifyLoginLinkNavigation -->
      </class> <!-- com.soprabanking.software.tests.WelcomeTest -->
      <class name="com.soprabanking.software.basetest.BaseTest">
        <test-method is-config="true" signature="Closure(org.testng.ITestResult)[pri:0, instance:com.soprabanking.software.basetest.BaseTest@6e4784bc]" started-at="2019-06-20T18:53:00Z" name="Closure" finished-at="2019-06-20T18:53:00Z" duration-ms="0" status="FAIL">
          <exception class="org.testng.TestNGException">
            <message>
              <![CDATA[
Can inject only one of <ITestContext, XmlTest> into a @AfterTest annotated Closure.
For more information on native dependency injection please refer to http://testng.org/doc/documentation-main.html#native-dependency-injection]]>
            </message>
            <full-stacktrace>
              <![CDATA[org.testng.TestNGException: 
Can inject only one of <ITestContext, XmlTest> into a @AfterTest annotated Closure.
For more information on native dependency injection please refer to http://testng.org/doc/documentation-main.html#native-dependency-injection
at org.testng.internal.Parameters.checkParameterTypes(Parameters.java:407)
at org.testng.internal.Parameters.createParametersForMethod(Parameters.java:356)
at org.testng.internal.Parameters.createParameters(Parameters.java:635)
at org.testng.internal.Parameters.createConfigurationParameters(Parameters.java:190)
at org.testng.internal.Invoker.invokeConfigurations(Invoker.java:209)
at org.testng.internal.Invoker.invokeConfigurations(Invoker.java:142)
at org.testng.TestRunner.afterRun(TestRunner.java:725)
at org.testng.TestRunner.run(TestRunner.java:509)
at org.testng.SuiteRunner.runTest(SuiteRunner.java:455)
at org.testng.SuiteRunner.runSequentially(SuiteRunner.java:450)
at org.testng.SuiteRunner.privateRun(SuiteRunner.java:415)
at org.testng.SuiteRunner.run(SuiteRunner.java:364)
at org.testng.SuiteRunnerWorker.runSuite(SuiteRunnerWorker.java:52)
at org.testng.SuiteRunnerWorker.run(SuiteRunnerWorker.java:84)
at org.testng.TestNG.runSuitesSequentially(TestNG.java:1208)
at org.testng.TestNG.runSuitesLocally(TestNG.java:1137)
at org.testng.TestNG.runSuites(TestNG.java:1049)
at org.testng.TestNG.run(TestNG.java:1017)
at org.apache.maven.surefire.testng.TestNGExecutor.run(TestNGExecutor.java:77)
at org.apache.maven.surefire.testng.TestNGDirectoryTestSuite.executeMulti(TestNGDirectoryTestSuite.java:159)
at org.apache.maven.surefire.testng.TestNGDirectoryTestSuite.execute(TestNGDirectoryTestSuite.java:99)
at org.apache.maven.surefire.testng.TestNGProvider.invoke(TestNGProvider.java:106)
at java.base/jdk.internal.reflect.NativeMethodAccessorImpl.invoke0(Native Method)
at java.base/jdk.internal.reflect.NativeMethodAccessorImpl.invoke(NativeMethodAccessorImpl.java:62)
at java.base/jdk.internal.reflect.DelegatingMethodAccessorImpl.invoke(DelegatingMethodAccessorImpl.java:43)
at java.base/java.lang.reflect.Method.invoke(Method.java:566)
at org.apache.maven.surefire.util.ReflectionUtils.invokeMethodWithArray(ReflectionUtils.java:189)
at org.apache.maven.surefire.booter.ProviderFactory$ProviderProxy.invoke(ProviderFactory.java:165)
at org.apache.maven.surefire.booter.ProviderFactory.invokeProvider(ProviderFactory.java:85)
at org.apache.maven.surefire.booter.ForkedBooter.runSuitesInProcess(ForkedBooter.java:115)
at org.apache.maven.surefire.booter.ForkedBooter.main(ForkedBooter.java:75)
]]>
            </full-stacktrace>
          </exception> <!-- org.testng.TestNGException -->
          <reporter-output>
          </reporter-output>
        </test-method> <!-- Closure -->
      </class> <!-- com.soprabanking.software.basetest.BaseTest -->
      <class name="com.soprabanking.software.tests.SignInTest">
        <test-method is-config="true" signature="initializeTest()[pri:0, instance:com.soprabanking.software.tests.SignInTest@70e8f8e]" started-at="2019-06-20T18:52:26Z" name="initializeTest" finished-at="2019-06-20T18:52:35Z" duration-ms="8720" status="PASS">
          <reporter-output>
          </reporter-output>
        </test-method> <!-- initializeTest -->
        <test-method signature="verifySignIn()[pri:2, instance:com.soprabanking.software.tests.SignInTest@70e8f8e]" started-at="2019-06-20T18:52:35Z" name="verifySignIn" finished-at="2019-06-20T18:53:00Z" duration-ms="24676" status="PASS">
          <reporter-output>
          </reporter-output>
        </test-method> <!-- verifySignIn -->
      </class> <!-- com.soprabanking.software.tests.SignInTest -->
    </test> <!-- Command line test -->
  </suite> <!-- Command line suite -->
</testng-results>
